2025-07-25 17:10:55 | INFO     | ✅ Все модули успешно загружены.
2025-07-25 17:10:58 | INFO     | ✅ Бот `Void Sentinel#5662` успешно запущен (ID: 1230464176745480254)
2025-07-25 17:10:58 | INFO     | 🛡 Сервер: Legion Of The Damned | ID: 828749346505490503 | Участников: 20
2025-07-25 17:10:58 | INFO     | 🛡 Сервер: Space_Marine 2RU | ID: 1118852004786225192 | Участников: 294
2025-07-25 17:10:58 | INFO     | 🛡 Сервер: winie's server | ID: 1335265286198263848 | Участников: 59
2025-07-25 17:10:58 | INFO     | ✅ Slash-команды успешно синхронизированы.
2025-07-25 17:12:06 | INFO     | 🛑 Запуск остановлен вручную.
2025-07-25 17:12:57 | INFO     | ✅ Все модули успешно загружены.
2025-07-25 17:13:00 | INFO     | ✅ Бот `Void Sentinel#5662` успешно запущен (ID: 1230464176745480254)
2025-07-25 17:13:00 | INFO     | 🛡 Сервер: Legion Of The Damned | ID: 828749346505490503 | Участников: 20
2025-07-25 17:13:00 | INFO     | 🛡 Сервер: Space_Marine 2RU | ID: 1118852004786225192 | Участников: 294
2025-07-25 17:13:00 | INFO     | 🛡 Сервер: winie's server | ID: 1335265286198263848 | Участников: 59
2025-07-25 17:13:00 | INFO     | ✅ Slash-команды успешно синхронизированы.
2025-07-25 17:18:07 | INFO     | 🛑 Запуск остановлен вручную.
2025-07-25 17:21:47 | ERROR    | ⚠️ Ошибка при загрузке модуля `cogs.music_cog`: Extension 'cogs.music_cog' raised an error: AttributeError: loop attribute cannot be accessed in non-async contexts. Consider using either an asynchronous main function and passing it to asyncio.run or using asynchronous initialisation hooks such as Client.setup_hook
2025-07-25 17:21:50 | INFO     | ✅ Бот `Void Sentinel#5662` успешно запущен (ID: 1230464176745480254)
2025-07-25 17:21:50 | INFO     | 🛡 Сервер: Legion Of The Damned | ID: 828749346505490503 | Участников: 20
2025-07-25 17:21:50 | INFO     | 🛡 Сервер: Space_Marine 2RU | ID: 1118852004786225192 | Участников: 294
2025-07-25 17:21:50 | INFO     | 🛡 Сервер: winie's server | ID: 1335265286198263848 | Участников: 59
2025-07-25 17:21:51 | INFO     | 🛑 Запуск остановлен вручную.
2025-07-25 17:22:15 | ERROR    | ⚠️ Ошибка при загрузке модуля `cogs.music_cog`: Extension 'cogs.music_cog' raised an error: AttributeError: loop attribute cannot be accessed in non-async contexts. Consider using either an asynchronous main function and passing it to asyncio.run or using asynchronous initialisation hooks such as Client.setup_hook
2025-07-25 17:22:17 | INFO     | 🛑 Запуск остановлен вручную.
2025-07-25 17:23:06 | ERROR    | ⚠️ Ошибка при загрузке модуля `cogs.music_cog`: Extension 'cogs.music_cog' raised an error: AttributeError: loop attribute cannot be accessed in non-async contexts. Consider using either an asynchronous main function and passing it to asyncio.run or using asynchronous initialisation hooks such as Client.setup_hook
2025-07-25 17:23:08 | INFO     | 🛑 Запуск остановлен вручную.
2025-07-25 17:23:47 | ERROR    | ⚠️ Ошибка при загрузке модуля `cogs.music_cog`: Extension 'cogs.music_cog' raised an error: AttributeError: loop attribute cannot be accessed in non-async contexts. Consider using either an asynchronous main function and passing it to asyncio.run or using asynchronous initialisation hooks such as Client.setup_hook
2025-07-25 17:23:49 | INFO     | 🛑 Запуск остановлен вручную.
2025-07-25 17:24:29 | ERROR    | ⚠️ Ошибка при загрузке модуля `cogs.music_cog`: Extension 'cogs.music_cog' raised an error: AttributeError: loop attribute cannot be accessed in non-async contexts. Consider using either an asynchronous main function and passing it to asyncio.run or using asynchronous initialisation hooks such as Client.setup_hook
2025-07-25 17:24:32 | INFO     | ✅ Бот `Void Sentinel#5662` успешно запущен (ID: 1230464176745480254)
2025-07-25 17:24:32 | INFO     | 🛡 Сервер: Legion Of The Damned | ID: 828749346505490503 | Участников: 20
2025-07-25 17:24:32 | INFO     | 🛡 Сервер: Space_Marine 2RU | ID: 1118852004786225192 | Участников: 294
2025-07-25 17:24:32 | INFO     | 🛡 Сервер: winie's server | ID: 1335265286198263848 | Участников: 59
2025-07-25 17:24:32 | INFO     | ✅ Slash-команды успешно синхронизированы.
2025-07-25 17:24:34 | INFO     | 🛑 Запуск остановлен вручную.
2025-07-25 17:25:35 | ERROR    | ⚠️ Ошибка при загрузке модуля `cogs.music_cog`: Extension 'cogs.music_cog' raised an error: AttributeError: loop attribute cannot be accessed in non-async contexts. Consider using either an asynchronous main function and passing it to asyncio.run or using asynchronous initialisation hooks such as Client.setup_hook
2025-07-25 17:25:36 | INFO     | 🛑 Запуск остановлен вручную.
2025-07-25 17:26:12 | ERROR    | ⚠️ Ошибка при загрузке модуля `cogs.music_cog`: Extension 'cogs.music_cog' raised an error: AttributeError: loop attribute cannot be accessed in non-async contexts. Consider using either an asynchronous main function and passing it to asyncio.run or using asynchronous initialisation hooks such as Client.setup_hook
2025-07-25 17:26:14 | INFO     | 🛑 Запуск остановлен вручную.
2025-07-25 17:27:25 | INFO     | ✅ Все модули успешно загружены.
2025-07-25 17:27:28 | INFO     | ✅ Бот `Void Sentinel#5662` успешно запущен (ID: 1230464176745480254)
2025-07-25 17:27:28 | INFO     | 🛡 Сервер: Legion Of The Damned | ID: 828749346505490503 | Участников: 20
2025-07-25 17:27:28 | INFO     | 🛡 Сервер: Space_Marine 2RU | ID: 1118852004786225192 | Участников: 294
2025-07-25 17:27:28 | INFO     | 🛡 Сервер: winie's server | ID: 1335265286198263848 | Участников: 59
2025-07-25 17:27:28 | INFO     | ✅ Slash-команды успешно синхронизированы.
2025-07-25 17:29:31 | ERROR    | Task exception was never retrieved
future: <Task finished name='Task-2' coro=<Music.player_loop() done, defined at /workspaces/Void-Sentinel/cogs/music_cog.py:115> exception=ClientException('Already playing audio.')>
Traceback (most recent call last):
  File "/workspaces/Void-Sentinel/cogs/music_cog.py", line 127, in player_loop
    vc.play(self.current["source"], after=after_playing)
  File "/home/codespace/.local/lib/python3.12/site-packages/discord/voice_client.py", line 500, in play
    raise ClientException('Already playing audio.')
discord.errors.ClientException: Already playing audio.
2025-07-25 17:31:15 | INFO     | 🛑 Запуск остановлен вручную.
2025-07-25 17:38:05 | INFO     | ✅ Все модули успешно загружены.
2025-07-25 17:38:08 | INFO     | ✅ Бот `Void Sentinel#5662` успешно запущен (ID: 1230464176745480254)
2025-07-25 17:38:08 | INFO     | 🛡 Сервер: Legion Of The Damned | ID: 828749346505490503 | Участников: 20
2025-07-25 17:38:08 | INFO     | 🛡 Сервер: Space_Marine 2RU | ID: 1118852004786225192 | Участников: 294
2025-07-25 17:38:08 | INFO     | 🛡 Сервер: winie's server | ID: 1335265286198263848 | Участников: 59
2025-07-25 17:38:08 | INFO     | ✅ Slash-команды успешно синхронизированы.
2025-07-25 17:39:37 | INFO     | 🛑 Запуск остановлен вручную.
2025-07-25 17:40:56 | INFO     | ✅ Все модули успешно загружены.
2025-07-25 17:40:59 | INFO     | ✅ Бот `Void Sentinel#5662` успешно запущен (ID: 1230464176745480254)
2025-07-25 17:40:59 | INFO     | 🛡 Сервер: Legion Of The Damned | ID: 828749346505490503 | Участников: 20
2025-07-25 17:40:59 | INFO     | 🛡 Сервер: Space_Marine 2RU | ID: 1118852004786225192 | Участников: 294
2025-07-25 17:40:59 | INFO     | 🛡 Сервер: winie's server | ID: 1335265286198263848 | Участников: 59
2025-07-25 17:40:59 | INFO     | ✅ Slash-команды успешно синхронизированы.
2025-07-25 17:41:43 | ERROR    | Task exception was never retrieved
future: <Task finished name='Task-2' coro=<Music.player_loop() done, defined at /workspaces/Void-Sentinel/cogs/music_cog.py:115> exception=ClientException('Already playing audio.')>
Traceback (most recent call last):
  File "/workspaces/Void-Sentinel/cogs/music_cog.py", line 127, in player_loop
    vc.play(self.current["source"], after=after_playing)
  File "/home/codespace/.local/lib/python3.12/site-packages/discord/voice_client.py", line 500, in play
    raise ClientException('Already playing audio.')
discord.errors.ClientException: Already playing audio.
2025-07-25 17:42:07 | INFO     | 🛑 Запуск остановлен вручную.
2025-07-25 17:44:21 | ERROR    | ⚠️ Ошибка при загрузке модуля `cogs.music_cog`: Extension 'cogs.music_cog' raised an error: AttributeError: loop attribute cannot be accessed in non-async contexts. Consider using either an asynchronous main function and passing it to asyncio.run or using asynchronous initialisation hooks such as Client.setup_hook
2025-07-25 17:44:24 | INFO     | ✅ Бот `Void Sentinel#5662` успешно запущен (ID: 1230464176745480254)
2025-07-25 17:44:24 | INFO     | 🛡 Сервер: Legion Of The Damned | ID: 828749346505490503 | Участников: 20
2025-07-25 17:44:24 | INFO     | 🛡 Сервер: Space_Marine 2RU | ID: 1118852004786225192 | Участников: 294
2025-07-25 17:44:24 | INFO     | 🛡 Сервер: winie's server | ID: 1335265286198263848 | Участников: 59
2025-07-25 17:44:24 | INFO     | ✅ Slash-команды успешно синхронизированы.
2025-07-25 17:44:25 | INFO     | 🛑 Запуск остановлен вручную.
2025-07-25 17:44:58 | INFO     | ✅ Все модули успешно загружены.
2025-07-25 17:45:01 | INFO     | ✅ Бот `Void Sentinel#5662` успешно запущен (ID: 1230464176745480254)
2025-07-25 17:45:01 | INFO     | 🛡 Сервер: Legion Of The Damned | ID: 828749346505490503 | Участников: 20
2025-07-25 17:45:01 | INFO     | 🛡 Сервер: Space_Marine 2RU | ID: 1118852004786225192 | Участников: 294
2025-07-25 17:45:01 | INFO     | 🛡 Сервер: winie's server | ID: 1335265286198263848 | Участников: 59
2025-07-25 17:45:54 | INFO     | ✅ Slash-команды успешно синхронизированы.
2025-07-25 17:46:22 | INFO     | 🛑 Запуск остановлен вручную.
2025-07-25 17:47:30 | INFO     | ✅ Все модули успешно загружены.
2025-07-25 17:47:33 | INFO     | ✅ Бот `Void Sentinel#5662` успешно запущен (ID: 1230464176745480254)
2025-07-25 17:47:33 | INFO     | 🛡 Сервер: Legion Of The Damned | ID: 828749346505490503 | Участников: 20
2025-07-25 17:47:33 | INFO     | 🛡 Сервер: Space_Marine 2RU | ID: 1118852004786225192 | Участников: 294
2025-07-25 17:47:33 | INFO     | 🛡 Сервер: winie's server | ID: 1335265286198263848 | Участников: 59
2025-07-25 17:47:33 | INFO     | ✅ Slash-команды успешно синхронизированы.
2025-07-25 17:49:44 | INFO     | 🛑 Запуск остановлен вручную.
2025-07-25 17:51:08 | INFO     | ✅ Все модули успешно загружены.
2025-07-25 17:51:10 | INFO     | ✅ Бот `Void Sentinel#5662` успешно запущен (ID: 1230464176745480254)
2025-07-25 17:51:10 | INFO     | 🛡 Сервер: Legion Of The Damned | ID: 828749346505490503 | Участников: 20
2025-07-25 17:51:10 | INFO     | 🛡 Сервер: Space_Marine 2RU | ID: 1118852004786225192 | Участников: 294
2025-07-25 17:51:10 | INFO     | 🛡 Сервер: winie's server | ID: 1335265286198263848 | Участников: 59
2025-07-25 17:51:11 | INFO     | ✅ Slash-команды успешно синхронизированы.
2025-07-25 17:52:06 | INFO     | 🛑 Запуск остановлен вручную.
2025-07-25 17:56:54 | INFO     | ✅ Все модули успешно загружены.
2025-07-25 17:56:57 | INFO     | ✅ Бот `Void Sentinel#5662` успешно запущен (ID: 1230464176745480254)
2025-07-25 17:56:57 | INFO     | 🛡 Сервер: Legion Of The Damned | ID: 828749346505490503 | Участников: 20
2025-07-25 17:56:57 | INFO     | 🛡 Сервер: Space_Marine 2RU | ID: 1118852004786225192 | Участников: 294
2025-07-25 17:56:57 | INFO     | 🛡 Сервер: winie's server | ID: 1335265286198263848 | Участников: 59
2025-07-25 17:56:57 | INFO     | ✅ Slash-команды успешно синхронизированы.
2025-07-25 17:57:31 | INFO     | 🛑 Запуск остановлен вручную.
2025-07-25 17:57:54 | INFO     | ✅ Все модули успешно загружены.
2025-07-25 17:57:57 | INFO     | ✅ Бот `Void Sentinel#5662` успешно запущен (ID: 1230464176745480254)
2025-07-25 17:57:57 | INFO     | 🛡 Сервер: Legion Of The Damned | ID: 828749346505490503 | Участников: 20
2025-07-25 17:57:57 | INFO     | 🛡 Сервер: Space_Marine 2RU | ID: 1118852004786225192 | Участников: 294
2025-07-25 17:57:57 | INFO     | 🛡 Сервер: winie's server | ID: 1335265286198263848 | Участников: 59
2025-07-25 17:57:58 | INFO     | ✅ Slash-команды успешно синхронизированы.
2025-07-25 18:06:36 | INFO     | 🛑 Запуск остановлен вручную.
2025-07-25 23:49:53 | INFO     | ✅ Все модули успешно загружены.
2025-07-25 23:49:56 | INFO     | ✅ Бот `Void Sentinel#5662` успешно запущен (ID: 1230464176745480254)
2025-07-25 23:49:56 | INFO     | 🛡 Сервер: Legion Of The Damned | ID: 828749346505490503 | Участников: 20
2025-07-25 23:49:56 | INFO     | 🛡 Сервер: Space_Marine 2RU | ID: 1118852004786225192 | Участников: 294
2025-07-25 23:49:56 | INFO     | 🛡 Сервер: winie's server | ID: 1335265286198263848 | Участников: 59
2025-07-25 23:49:56 | INFO     | ✅ Slash-команды успешно синхронизированы.
2025-07-25 23:52:11 | INFO     | 🛑 Запуск остановлен вручную.
2025-07-25 23:52:13 | INFO     | ✅ Все модули успешно загружены.
2025-07-25 23:52:16 | INFO     | ✅ Бот `Void Sentinel#5662` успешно запущен (ID: 1230464176745480254)
2025-07-25 23:52:16 | INFO     | 🛡 Сервер: Legion Of The Damned | ID: 828749346505490503 | Участников: 20
2025-07-25 23:52:16 | INFO     | 🛡 Сервер: Space_Marine 2RU | ID: 1118852004786225192 | Участников: 294
2025-07-25 23:52:16 | INFO     | 🛡 Сервер: winie's server | ID: 1335265286198263848 | Участников: 59
2025-07-25 23:52:16 | INFO     | ✅ Slash-команды успешно синхронизированы.
2025-07-25 23:52:33 | INFO     | 🛑 Запуск остановлен вручную.
2025-07-25 23:55:45 | INFO     | ✅ Все модули успешно загружены.
2025-07-25 23:55:48 | INFO     | ✅ Бот `Void Sentinel#5662` успешно запущен (ID: 1230464176745480254)
2025-07-25 23:55:48 | INFO     | 🛡 Сервер: Legion Of The Damned | ID: 828749346505490503 | Участников: 20
2025-07-25 23:55:48 | INFO     | 🛡 Сервер: Space_Marine 2RU | ID: 1118852004786225192 | Участников: 294
2025-07-25 23:55:48 | INFO     | 🛡 Сервер: winie's server | ID: 1335265286198263848 | Участников: 59
2025-07-25 23:55:48 | INFO     | ✅ Slash-команды успешно синхронизированы.
2025-07-25 23:58:34 | INFO     | 🛑 Запуск остановлен вручную.
