2026-07-07 20:35:58,338 | ERROR    | ⚠️ Ошибка загрузки данных из Supabase: [Errno -2] Name or service not known
2026-07-07 20:35:58,416 | INFO     | ⚔️ ClanWarNotifications загружен
2026-07-07 20:35:58,998 | SUCCESS  | 🎉 Все файлы cogs успешно загружены!
2026-07-07 20:36:02,479 | SUCCESS  | 🤖 Бот `Void Sentinel#5662` успешно запущен (ID: 1230464176745480254)
2026-07-07 20:36:02,479 | INFO     | 🛡 Сервер: Legion Of The Damned | ID: 828749346505490503 | Участников: 50
2026-07-07 20:36:02,480 | INFO     | 🛡 Сервер: Space_Marine 2RU | ID: 1118852004786225192 | Участников: 253
2026-07-07 20:36:02,481 | INFO     | 🛡 Сервер: winie's server | ID: 1335265286198263848 | Участников: 48
2026-07-07 20:36:02,481 | INFO     | 🛡 Сервер: Legion of Iron Hands | ID: 1411434026966716428 | Участников: 5
2026-07-07 20:36:02,482 | INFO     | 🛡 Сервер: Тест сервер | ID: 1448692483054632982 | Участников: 4
2026-07-07 20:37:48,808 | WARNING  | 🛑 Запуск остановлен вручную.
2026-07-07 20:46:03,457 | ERROR    | ⚠️ Ошибка загрузки данных из Supabase: [Errno -2] Name or service not known
2026-07-07 20:46:03,507 | INFO     | ⚔️ ClanWarNotifications загружен
2026-07-07 20:46:03,693 | SUCCESS  | 🎉 Все файлы cogs успешно загружены!
2026-07-07 20:46:06,689 | SUCCESS  | 🤖 Бот `Void Sentinel#5662` успешно запущен (ID: 1230464176745480254)
2026-07-07 20:46:06,690 | INFO     | 🛡 Сервер: Legion Of The Damned | ID: 828749346505490503 | Участников: 50
2026-07-07 20:46:06,690 | INFO     | 🛡 Сервер: Space_Marine 2RU | ID: 1118852004786225192 | Участников: 253
2026-07-07 20:46:06,690 | INFO     | 🛡 Сервер: winie's server | ID: 1335265286198263848 | Участников: 48
2026-07-07 20:46:06,690 | INFO     | 🛡 Сервер: Legion of Iron Hands | ID: 1411434026966716428 | Участников: 5
2026-07-07 20:46:06,690 | INFO     | 🛡 Сервер: Тест сервер | ID: 1448692483054632982 | Участников: 4
2026-07-07 20:48:54,016 | ERROR    | ⚠️ Ошибка загрузки данных из Supabase: [Errno -2] Name or service not known
2026-07-07 20:48:54,055 | INFO     | ⚔️ ClanWarNotifications загружен
2026-07-07 20:48:54,158 | SUCCESS  | 🎉 Все файлы cogs успешно загружены!
2026-07-07 20:48:57,293 | SUCCESS  | 🤖 Бот `Void Sentinel#5662` успешно запущен (ID: 1230464176745480254)
2026-07-07 20:48:57,293 | INFO     | 🛡 Сервер: Legion Of The Damned | ID: 828749346505490503 | Участников: 50
2026-07-07 20:48:57,293 | INFO     | 🛡 Сервер: Space_Marine 2RU | ID: 1118852004786225192 | Участников: 253
2026-07-07 20:48:57,293 | INFO     | 🛡 Сервер: winie's server | ID: 1335265286198263848 | Участников: 48
2026-07-07 20:48:57,293 | INFO     | 🛡 Сервер: Legion of Iron Hands | ID: 1411434026966716428 | Участников: 5
2026-07-07 20:48:57,293 | INFO     | 🛡 Сервер: Тест сервер | ID: 1448692483054632982 | Участников: 4
2026-07-07 20:50:04,657 | WARNING  | 🛑 Запуск остановлен вручную.
2026-07-07 20:54:46,715 | ERROR    | ⚠️ Ошибка загрузки данных из Supabase: [Errno -2] Name or service not known
2026-07-07 20:54:46,752 | INFO     | ⚔️ ClanWarNotifications загружен
2026-07-07 20:54:46,834 | SUCCESS  | 🎉 Все файлы cogs успешно загружены!
2026-07-07 20:54:50,163 | SUCCESS  | 🤖 Бот `Void Sentinel#5662` успешно запущен (ID: 1230464176745480254)
2026-07-07 20:54:50,163 | INFO     | 🛡 Сервер: Legion Of The Damned | ID: 828749346505490503 | Участников: 50
2026-07-07 20:54:50,163 | INFO     | 🛡 Сервер: Space_Marine 2RU | ID: 1118852004786225192 | Участников: 253
2026-07-07 20:54:50,163 | INFO     | 🛡 Сервер: winie's server | ID: 1335265286198263848 | Участников: 48
2026-07-07 20:54:50,163 | INFO     | 🛡 Сервер: Legion of Iron Hands | ID: 1411434026966716428 | Участников: 5
2026-07-07 20:54:50,163 | INFO     | 🛡 Сервер: Тест сервер | ID: 1448692483054632982 | Участников: 4
2026-07-07 20:55:07,081 | WARNING  | 🛑 Запуск остановлен вручную.
2026-07-07 20:57:14,532 | ERROR    | ⚠️ Ошибка загрузки данных из Supabase: [Errno -2] Name or service not known
2026-07-07 20:57:14,566 | INFO     | ⚔️ ClanWarNotifications загружен
2026-07-07 20:57:14,649 | SUCCESS  | 🎉 Все файлы cogs успешно загружены!
2026-07-07 20:57:17,674 | SUCCESS  | 🤖 Бот `Void Sentinel#5662` успешно запущен (ID: 1230464176745480254)
2026-07-07 20:57:17,675 | INFO     | 🛡 Сервер: Legion Of The Damned | ID: 828749346505490503 | Участников: 50
2026-07-07 20:57:17,675 | INFO     | 🛡 Сервер: Space_Marine 2RU | ID: 1118852004786225192 | Участников: 253
2026-07-07 20:57:17,675 | INFO     | 🛡 Сервер: winie's server | ID: 1335265286198263848 | Участников: 48
2026-07-07 20:57:17,675 | INFO     | 🛡 Сервер: Legion of Iron Hands | ID: 1411434026966716428 | Участников: 5
2026-07-07 20:57:17,675 | INFO     | 🛡 Сервер: Тест сервер | ID: 1448692483054632982 | Участников: 4
2026-07-07 20:58:27,585 | WARNING  | 🛑 Запуск остановлен вручную.
2026-07-07 20:59:56,336 | ERROR    | ⚠️ Ошибка загрузки данных из Supabase: [Errno -2] Name or service not known
2026-07-07 20:59:56,373 | INFO     | ⚔️ ClanWarNotifications загружен
2026-07-07 20:59:56,457 | SUCCESS  | 🎉 Все файлы cogs успешно загружены!
2026-07-07 20:59:59,468 | SUCCESS  | 🤖 Бот `Void Sentinel#5662` успешно запущен (ID: 1230464176745480254)
2026-07-07 20:59:59,468 | INFO     | 🛡 Сервер: Legion Of The Damned | ID: 828749346505490503 | Участников: 50
2026-07-07 20:59:59,468 | INFO     | 🛡 Сервер: Space_Marine 2RU | ID: 1118852004786225192 | Участников: 253
2026-07-07 20:59:59,469 | INFO     | 🛡 Сервер: winie's server | ID: 1335265286198263848 | Участников: 48
2026-07-07 20:59:59,469 | INFO     | 🛡 Сервер: Legion of Iron Hands | ID: 1411434026966716428 | Участников: 5
2026-07-07 20:59:59,469 | INFO     | 🛡 Сервер: Тест сервер | ID: 1448692483054632982 | Участников: 4
2026-07-07 21:00:40,183 | WARNING  | 🛑 Запуск остановлен вручную.
