2026-01-15 23:10:20 | INFO     | HTTP Request: GET https://jqphrrikzkntcyzsrbrc.supabase.co/rest/v1/active_duels?select=%2A "HTTP/2 200 OK"
2026-01-15 23:10:20 | INFO     | HTTP Request: GET https://jqphrrikzkntcyzsrbrc.supabase.co/rest/v1/duel_stats?select=%2A "HTTP/2 200 OK"
2026-01-15 23:10:20 | INFO     | ✅ Данные из Supabase загружены
2026-01-15 23:10:21 | SUCCESS  | 🎉 Все файлы cogs успешно загружены!
2026-01-15 23:10:24 | SUCCESS  | 🤖 Бот `Void Sentinel#5662` успешно запущен (ID: 1230464176745480254)
2026-01-15 23:10:24 | INFO     | 🛡 Сервер: Legion Of The Damned | ID: 828749346505490503 | Участников: 15
2026-01-15 23:10:24 | INFO     | 🛡 Сервер: Space_Marine 2RU | ID: 1118852004786225192 | Участников: 276
2026-01-15 23:10:24 | INFO     | 🛡 Сервер: winie's server | ID: 1335265286198263848 | Участников: 54
2026-01-15 23:10:24 | INFO     | 🛡 Сервер: Legion of Iron Hands | ID: 1411434026966716428 | Участников: 5
2026-01-15 23:10:24 | SUCCESS  | Команды успешно синхронизированы
2026-01-15 23:12:32 | ERROR    | Ошибка в команде заявка: 'Applications' object has no attribute 'NOTIFY_ROLE_ID'
2026-01-15 23:13:08 | SUCCESS  | Заявка одобрена: kraken_5491
2026-01-15 23:15:01 | INFO     | HTTP Request: GET https://jqphrrikzkntcyzsrbrc.supabase.co/rest/v1/active_duels?select=%2A "HTTP/2 200 OK"
2026-01-15 23:15:01 | INFO     | HTTP Request: GET https://jqphrrikzkntcyzsrbrc.supabase.co/rest/v1/duel_stats?select=%2A "HTTP/2 200 OK"
2026-01-15 23:15:01 | INFO     | ✅ Данные из Supabase загружены
2026-01-15 23:15:01 | SUCCESS  | 🎉 Все файлы cogs успешно загружены!
2026-01-15 23:15:04 | SUCCESS  | 🤖 Бот `Void Sentinel#5662` успешно запущен (ID: 1230464176745480254)
2026-01-15 23:15:04 | INFO     | 🛡 Сервер: Legion Of The Damned | ID: 828749346505490503 | Участников: 15
2026-01-15 23:15:04 | INFO     | 🛡 Сервер: Space_Marine 2RU | ID: 1118852004786225192 | Участников: 276
2026-01-15 23:15:04 | INFO     | 🛡 Сервер: winie's server | ID: 1335265286198263848 | Участников: 54
2026-01-15 23:15:04 | INFO     | 🛡 Сервер: Legion of Iron Hands | ID: 1411434026966716428 | Участников: 5
2026-01-15 23:15:05 | SUCCESS  | Команды успешно синхронизированы
2026-01-15 23:16:45 | INFO     | Уведомление отправлено kraken_5491
2026-01-15 23:16:46 | INFO     | Уведомление отправлено _w1ld_pacuk
2026-01-15 23:16:46 | INFO     | HTTP Request: POST https://jqphrrikzkntcyzsrbrc.supabase.co/rest/v1/applications "HTTP/2 400 Bad Request"
2026-01-15 23:16:46 | ERROR    | Ошибка при подключении к Supabase: {'message': "Could not find the 'Игрок' column of 'applications' in the schema cache", 'code': 'PGRST204', 'hint': None, 'details': None}
2026-01-15 23:17:02 | INFO     | Заявка отклонена: kraken_5491
2026-01-15 23:17:11 | INFO     | Заявка одобрена: kraken_5491
2026-01-15 23:22:46 | WARNING  | 🛑 Запуск остановлен вручную.
2026-01-15 23:30:40 | INFO     | HTTP Request: GET https://jqphrrikzkntcyzsrbrc.supabase.co/rest/v1/active_duels?select=%2A "HTTP/2 200 OK"
2026-01-15 23:30:40 | INFO     | HTTP Request: GET https://jqphrrikzkntcyzsrbrc.supabase.co/rest/v1/duel_stats?select=%2A "HTTP/2 200 OK"
2026-01-15 23:30:40 | INFO     | ✅ Данные из Supabase загружены
2026-01-15 23:30:40 | SUCCESS  | 🎉 Все файлы cogs успешно загружены!
2026-01-15 23:30:44 | SUCCESS  | 🤖 Бот `Void Sentinel#5662` успешно запущен (ID: 1230464176745480254)
2026-01-15 23:30:44 | INFO     | 🛡 Сервер: Legion Of The Damned | ID: 828749346505490503 | Участников: 15
2026-01-15 23:30:44 | INFO     | 🛡 Сервер: Space_Marine 2RU | ID: 1118852004786225192 | Участников: 276
2026-01-15 23:30:44 | INFO     | 🛡 Сервер: winie's server | ID: 1335265286198263848 | Участников: 54
2026-01-15 23:30:44 | INFO     | 🛡 Сервер: Legion of Iron Hands | ID: 1411434026966716428 | Участников: 5
2026-01-15 23:30:44 | SUCCESS  | Команды успешно синхронизированы
2026-01-15 23:30:54 | WARNING  | 🛑 Запуск остановлен вручную.
2026-01-15 23:31:23 | INFO     | HTTP Request: GET https://jqphrrikzkntcyzsrbrc.supabase.co/rest/v1/active_duels?select=%2A "HTTP/2 200 OK"
2026-01-15 23:31:23 | INFO     | HTTP Request: GET https://jqphrrikzkntcyzsrbrc.supabase.co/rest/v1/duel_stats?select=%2A "HTTP/2 200 OK"
2026-01-15 23:31:23 | INFO     | ✅ Данные из Supabase загружены
2026-01-15 23:31:23 | INFO     | Загружен ID сообщения для ролей: 1416566500638330941
2026-01-15 23:31:23 | SUCCESS  | 🎉 Все файлы cogs успешно загружены!
2026-01-15 23:31:26 | SUCCESS  | 🤖 Бот `Void Sentinel#5662` успешно запущен (ID: 1230464176745480254)
2026-01-15 23:31:26 | INFO     | 🛡 Сервер: Legion Of The Damned | ID: 828749346505490503 | Участников: 15
2026-01-15 23:31:26 | INFO     | 🛡 Сервер: Space_Marine 2RU | ID: 1118852004786225192 | Участников: 276
2026-01-15 23:31:26 | INFO     | 🛡 Сервер: winie's server | ID: 1335265286198263848 | Участников: 54
2026-01-15 23:31:26 | INFO     | 🛡 Сервер: Legion of Iron Hands | ID: 1411434026966716428 | Участников: 5
2026-01-15 23:31:26 | WARNING  | Старое сообщение не найдено, создаём новое.
2026-01-15 23:31:36 | INFO     | Сохранён ID сообщения: 1461503079114608870
2026-01-15 23:31:36 | INFO     | Создано сообщение для ролей с ID 1461503079114608870
2026-01-15 23:32:03 | INFO     | Выдана роль SCX Штурма пользователю kraken_5491
2026-01-15 23:32:07 | INFO     | Выдана роль TF2 Солдат пользователю kraken_5491
2026-01-15 23:32:09 | INFO     | Выдана роль TF2 Поджигатель пользователю kraken_5491
2026-01-15 23:32:14 | SUCCESS  | Команды успешно синхронизированы
2026-01-15 23:32:15 | WARNING  | Роль TF2 Пулемётчик не найдена в гильдии Legion Of The Damned
2026-01-15 23:32:19 | INFO     | Выдана роль TF2 Инженер пользователю kraken_5491
2026-01-15 23:32:33 | INFO     | Убрана роль SCX Штурма у пользователя kraken_5491
2026-01-15 23:32:33 | INFO     | Убрана роль TF2 Солдат у пользователя kraken_5491
2026-01-15 23:32:34 | INFO     | Убрана роль TF2 Поджигатель у пользователя kraken_5491
2026-01-15 23:32:34 | WARNING  | Роль TF2 Пулемётчик не найдена в гильдии Legion Of The Damned
2026-01-15 23:32:36 | INFO     | Убрана роль TF2 Инженер у пользователя kraken_5491
2026-01-15 23:32:43 | INFO     | Выдана роль SCX Штурма пользователю kraken_5491
2026-01-15 23:32:45 | INFO     | Выдана роль TF2 Солдат пользователю kraken_5491
2026-01-15 23:32:46 | INFO     | Выдана роль TF2 Поджигатель пользователю kraken_5491
2026-01-15 23:32:48 | WARNING  | Роль TF2 Пулемётчик не найдена в гильдии Legion Of The Damned
2026-01-15 23:32:50 | INFO     | Выдана роль TF2 Медик пользователю kraken_5491
2026-01-15 23:33:05 | INFO     | Выдана роль ECR Авангард пользователю kraken_5491
2026-01-15 23:33:09 | INFO     | Выдана роль ECR Апотекарий пользователю kraken_5491
2026-01-15 23:33:10 | INFO     | Выдана роль ECR Хавок пользователю kraken_5491
2026-01-15 23:33:39 | INFO     | Выдана роль TF2 Медик пользователю spectrum2010
2026-01-15 23:41:37 | WARNING  | 🛑 Запуск остановлен вручную.
2026-01-15 23:41:45 | INFO     | HTTP Request: GET https://jqphrrikzkntcyzsrbrc.supabase.co/rest/v1/active_duels?select=%2A "HTTP/2 200 OK"
2026-01-15 23:41:45 | INFO     | HTTP Request: GET https://jqphrrikzkntcyzsrbrc.supabase.co/rest/v1/duel_stats?select=%2A "HTTP/2 200 OK"
2026-01-15 23:41:45 | INFO     | ✅ Данные из Supabase загружены
2026-01-15 23:41:45 | INFO     | Загружен ID сообщения для ролей: 1461503079114608870
2026-01-15 23:41:45 | SUCCESS  | 🎉 Все файлы cogs успешно загружены!
2026-01-15 23:41:48 | SUCCESS  | 🤖 Бот `Void Sentinel#5662` успешно запущен (ID: 1230464176745480254)
2026-01-15 23:41:48 | INFO     | 🛡 Сервер: Legion Of The Damned | ID: 828749346505490503 | Участников: 15
2026-01-15 23:41:48 | INFO     | 🛡 Сервер: Space_Marine 2RU | ID: 1118852004786225192 | Участников: 276
2026-01-15 23:41:48 | INFO     | 🛡 Сервер: winie's server | ID: 1335265286198263848 | Участников: 54
2026-01-15 23:41:48 | INFO     | 🛡 Сервер: Legion of Iron Hands | ID: 1411434026966716428 | Участников: 5
2026-01-15 23:41:48 | WARNING  | Старое сообщение не найдено, создаём новое.
2026-01-15 23:41:48 | SUCCESS  | Команды успешно синхронизированы
2026-01-15 23:41:58 | INFO     | Сохранён ID сообщения: 1461505686071541934
2026-01-15 23:41:58 | INFO     | Создано сообщение для ролей с ID 1461505686071541934
2026-01-15 23:42:17 | INFO     | Выдана роль TF2 Солдат пользователю kraken_5491
2026-01-15 23:42:18 | INFO     | Выдана роль TF2 Поджигатель пользователю kraken_5491
2026-01-15 23:42:19 | INFO     | Выдана роль TF2 Пулемётчик пользователю kraken_5491
2026-01-15 23:42:22 | INFO     | Выдана роль TF2 Медик пользователю kraken_5491
2026-01-15 23:42:24 | INFO     | Выдана роль ECR Тактик пользователю kraken_5491
2026-01-15 23:42:25 | INFO     | Выдана роль ECR Авангард пользователю kraken_5491
2026-01-15 23:42:27 | INFO     | Выдана роль ECR Хавок пользователю kraken_5491
2026-01-15 23:42:27 | INFO     | Выдана роль ECR Апотекарий пользователю kraken_5491
2026-01-15 23:42:46 | WARNING  | 🛑 Запуск остановлен вручную.
2026-01-15 23:46:26 | INFO     | HTTP Request: GET https://jqphrrikzkntcyzsrbrc.supabase.co/rest/v1/active_duels?select=%2A "HTTP/2 200 OK"
2026-01-15 23:46:26 | INFO     | HTTP Request: GET https://jqphrrikzkntcyzsrbrc.supabase.co/rest/v1/duel_stats?select=%2A "HTTP/2 200 OK"
2026-01-15 23:46:26 | INFO     | ✅ Данные из Supabase загружены
2026-01-15 23:46:26 | INFO     | Загружен ID сообщения для ролей: 1461505686071541934
2026-01-15 23:46:26 | SUCCESS  | 🎉 Все файлы cogs успешно загружены!
2026-01-15 23:46:29 | SUCCESS  | 🤖 Бот `Void Sentinel#5662` успешно запущен (ID: 1230464176745480254)
2026-01-15 23:46:29 | INFO     | 🛡 Сервер: Legion Of The Damned | ID: 828749346505490503 | Участников: 15
2026-01-15 23:46:29 | INFO     | 🛡 Сервер: Space_Marine 2RU | ID: 1118852004786225192 | Участников: 276
2026-01-15 23:46:29 | INFO     | 🛡 Сервер: winie's server | ID: 1335265286198263848 | Участников: 54
2026-01-15 23:46:29 | INFO     | 🛡 Сервер: Legion of Iron Hands | ID: 1411434026966716428 | Участников: 5
2026-01-15 23:46:29 | INFO     | Используем существующее сообщение: 1461505686071541934
2026-01-15 23:46:29 | SUCCESS  | Команды успешно синхронизированы
2026-01-15 23:48:41 | WARNING  | 🛑 Запуск остановлен вручную.
2026-01-15 23:48:44 | INFO     | HTTP Request: GET https://jqphrrikzkntcyzsrbrc.supabase.co/rest/v1/active_duels?select=%2A "HTTP/2 200 OK"
2026-01-15 23:48:44 | INFO     | HTTP Request: GET https://jqphrrikzkntcyzsrbrc.supabase.co/rest/v1/duel_stats?select=%2A "HTTP/2 200 OK"
2026-01-15 23:48:44 | INFO     | ✅ Данные из Supabase загружены
2026-01-15 23:48:44 | INFO     | Загружен ID сообщения для ролей: 1461505686071541934
2026-01-15 23:48:44 | SUCCESS  | 🎉 Все файлы cogs успешно загружены!
2026-01-15 23:48:47 | SUCCESS  | 🤖 Бот `Void Sentinel#5662` успешно запущен (ID: 1230464176745480254)
2026-01-15 23:48:47 | INFO     | 🛡 Сервер: Legion Of The Damned | ID: 828749346505490503 | Участников: 15
2026-01-15 23:48:47 | INFO     | 🛡 Сервер: Space_Marine 2RU | ID: 1118852004786225192 | Участников: 276
2026-01-15 23:48:47 | INFO     | 🛡 Сервер: winie's server | ID: 1335265286198263848 | Участников: 54
2026-01-15 23:48:47 | INFO     | 🛡 Сервер: Legion of Iron Hands | ID: 1411434026966716428 | Участников: 5
2026-01-15 23:48:47 | INFO     | Используем существующее сообщение: 1461505686071541934
2026-01-15 23:48:47 | SUCCESS  | Команды успешно синхронизированы
2026-01-15 23:49:08 | WARNING  | 🛑 Запуск остановлен вручную.
